Npr2 kmeans_10_6/cluster.4/ average centroid distance 4.5454917135
Npr2 kmeans_10_6/cluster.4/ centroid index 0
Npr2 kmeans_10_6/cluster.4/ centroid rmf name ('kmeans_10_6/cluster.4/0-1_0.rmf3', 0)
Npr2 kmeans_10_6/cluster.4/ median centroid distance  4.5454917135
Npr2 kmeans_10_6/cluster.4/ kmeans_10_6/cluster.4/ average pairwise distance 4.5454917135
Npr3 kmeans_10_6/cluster.4/ average centroid distance 3.73456442074
Npr3 kmeans_10_6/cluster.4/ centroid index 0
Npr3 kmeans_10_6/cluster.4/ centroid rmf name ('kmeans_10_6/cluster.4/0-1_0.rmf3', 0)
Npr3 kmeans_10_6/cluster.4/ median centroid distance  3.73456442074
Npr3 kmeans_10_6/cluster.4/ kmeans_10_6/cluster.4/ average pairwise distance 3.73456442074
Sec13 kmeans_10_6/cluster.4/ average centroid distance 1.84968220026
Sec13 kmeans_10_6/cluster.4/ centroid index 0
Sec13 kmeans_10_6/cluster.4/ centroid rmf name ('kmeans_10_6/cluster.4/0-1_0.rmf3', 0)
Sec13 kmeans_10_6/cluster.4/ median centroid distance  1.84968220026
Sec13 kmeans_10_6/cluster.4/ kmeans_10_6/cluster.4/ average pairwise distance 1.84968220026
Seh1.1 kmeans_10_6/cluster.4/ average centroid distance 1.82832129042
Seh1.1 kmeans_10_6/cluster.4/ centroid index 0
Seh1.1 kmeans_10_6/cluster.4/ centroid rmf name ('kmeans_10_6/cluster.4/0-1_0.rmf3', 0)
Seh1.1 kmeans_10_6/cluster.4/ median centroid distance  1.82832129042
Seh1.1 kmeans_10_6/cluster.4/ kmeans_10_6/cluster.4/ average pairwise distance 1.82832129042
Seh1.3 kmeans_10_6/cluster.4/ average centroid distance 1.85782554096
Seh1.3 kmeans_10_6/cluster.4/ centroid index 0
Seh1.3 kmeans_10_6/cluster.4/ centroid rmf name ('kmeans_10_6/cluster.4/0-1_0.rmf3', 0)
Seh1.3 kmeans_10_6/cluster.4/ median centroid distance  1.85782554096
Seh1.3 kmeans_10_6/cluster.4/ kmeans_10_6/cluster.4/ average pairwise distance 1.85782554096
Seh1.2 kmeans_10_6/cluster.4/ average centroid distance 1.47657137289
Seh1.2 kmeans_10_6/cluster.4/ centroid index 0
Seh1.2 kmeans_10_6/cluster.4/ centroid rmf name ('kmeans_10_6/cluster.4/0-1_0.rmf3', 0)
Seh1.2 kmeans_10_6/cluster.4/ median centroid distance  1.47657137289
Seh1.2 kmeans_10_6/cluster.4/ kmeans_10_6/cluster.4/ average pairwise distance 1.47657137289
Whole kmeans_10_6/cluster.4/ average centroid distance 3.29346274803
Whole kmeans_10_6/cluster.4/ centroid index 0
Whole kmeans_10_6/cluster.4/ centroid rmf name ('kmeans_10_6/cluster.4/0-1_0.rmf3', 0)
Whole kmeans_10_6/cluster.4/ median centroid distance  3.29346274803
Whole kmeans_10_6/cluster.4/ kmeans_10_6/cluster.4/ average pairwise distance 3.29346274803
All kmeans_10_6/cluster.4/ average centroid distance 3.29346274803
All kmeans_10_6/cluster.4/ centroid index 0
All kmeans_10_6/cluster.4/ centroid rmf name ('kmeans_10_6/cluster.4/0-1_0.rmf3', 0)
All kmeans_10_6/cluster.4/ median centroid distance  3.29346274803
All kmeans_10_6/cluster.4/ kmeans_10_6/cluster.4/ average pairwise distance 3.29346274803
Seh1.A kmeans_10_6/cluster.4/ average centroid distance 1.73002785576
Seh1.A kmeans_10_6/cluster.4/ centroid index 0
Seh1.A kmeans_10_6/cluster.4/ centroid rmf name ('kmeans_10_6/cluster.4/0-1_0.rmf3', 0)
Seh1.A kmeans_10_6/cluster.4/ median centroid distance  1.73002785576
Seh1.A kmeans_10_6/cluster.4/ kmeans_10_6/cluster.4/ average pairwise distance 1.73002785576
SEA3 kmeans_10_6/cluster.4/ average centroid distance 1.69729553283
SEA3 kmeans_10_6/cluster.4/ centroid index 0
SEA3 kmeans_10_6/cluster.4/ centroid rmf name ('kmeans_10_6/cluster.4/0-1_0.rmf3', 0)
SEA3 kmeans_10_6/cluster.4/ median centroid distance  1.69729553283
SEA3 kmeans_10_6/cluster.4/ kmeans_10_6/cluster.4/ average pairwise distance 1.69729553283
SEA2 kmeans_10_6/cluster.4/ average centroid distance 3.85042617779
SEA2 kmeans_10_6/cluster.4/ centroid index 0
SEA2 kmeans_10_6/cluster.4/ centroid rmf name ('kmeans_10_6/cluster.4/0-1_0.rmf3', 0)
SEA2 kmeans_10_6/cluster.4/ median centroid distance  3.85042617779
SEA2 kmeans_10_6/cluster.4/ kmeans_10_6/cluster.4/ average pairwise distance 3.85042617779
SEA1 kmeans_10_6/cluster.4/ average centroid distance 3.37955191947
SEA1 kmeans_10_6/cluster.4/ centroid index 0
SEA1 kmeans_10_6/cluster.4/ centroid rmf name ('kmeans_10_6/cluster.4/0-1_0.rmf3', 0)
SEA1 kmeans_10_6/cluster.4/ median centroid distance  3.37955191947
SEA1 kmeans_10_6/cluster.4/ kmeans_10_6/cluster.4/ average pairwise distance 3.37955191947
SEA4.3 kmeans_10_6/cluster.4/ average centroid distance 4.16949095793
SEA4.3 kmeans_10_6/cluster.4/ centroid index 0
SEA4.3 kmeans_10_6/cluster.4/ centroid rmf name ('kmeans_10_6/cluster.4/0-1_0.rmf3', 0)
SEA4.3 kmeans_10_6/cluster.4/ median centroid distance  4.16949095793
SEA4.3 kmeans_10_6/cluster.4/ kmeans_10_6/cluster.4/ average pairwise distance 4.16949095793
SEA4.2 kmeans_10_6/cluster.4/ average centroid distance 4.03570905178
SEA4.2 kmeans_10_6/cluster.4/ centroid index 0
SEA4.2 kmeans_10_6/cluster.4/ centroid rmf name ('kmeans_10_6/cluster.4/0-1_0.rmf3', 0)
SEA4.2 kmeans_10_6/cluster.4/ median centroid distance  4.03570905178
SEA4.2 kmeans_10_6/cluster.4/ kmeans_10_6/cluster.4/ average pairwise distance 4.03570905178
SEA4.1 kmeans_10_6/cluster.4/ average centroid distance 3.85556906259
SEA4.1 kmeans_10_6/cluster.4/ centroid index 0
SEA4.1 kmeans_10_6/cluster.4/ centroid rmf name ('kmeans_10_6/cluster.4/0-1_0.rmf3', 0)
SEA4.1 kmeans_10_6/cluster.4/ median centroid distance  3.85556906259
SEA4.1 kmeans_10_6/cluster.4/ kmeans_10_6/cluster.4/ average pairwise distance 3.85556906259
SEA4.A kmeans_10_6/cluster.4/ average centroid distance 4.02231339717
SEA4.A kmeans_10_6/cluster.4/ centroid index 0
SEA4.A kmeans_10_6/cluster.4/ centroid rmf name ('kmeans_10_6/cluster.4/0-1_0.rmf3', 0)
SEA4.A kmeans_10_6/cluster.4/ median centroid distance  4.02231339717
SEA4.A kmeans_10_6/cluster.4/ kmeans_10_6/cluster.4/ average pairwise distance 4.02231339717
