Npr2 kmeans_10_9/cluster.0/ average centroid distance 2.70868327312
Npr2 kmeans_10_9/cluster.0/ centroid index 0
Npr2 kmeans_10_9/cluster.0/ centroid rmf name ('kmeans_10_9/cluster.0/0-1_3.rmf3', 0)
Npr2 kmeans_10_9/cluster.0/ median centroid distance  2.70868327312
Npr2 kmeans_10_9/cluster.0/ kmeans_10_9/cluster.0/ average pairwise distance 2.70868327312
Npr3 kmeans_10_9/cluster.0/ average centroid distance 2.17376625735
Npr3 kmeans_10_9/cluster.0/ centroid index 0
Npr3 kmeans_10_9/cluster.0/ centroid rmf name ('kmeans_10_9/cluster.0/0-1_3.rmf3', 0)
Npr3 kmeans_10_9/cluster.0/ median centroid distance  2.17376625735
Npr3 kmeans_10_9/cluster.0/ kmeans_10_9/cluster.0/ average pairwise distance 2.17376625735
Sec13 kmeans_10_9/cluster.0/ average centroid distance 0.807584250687
Sec13 kmeans_10_9/cluster.0/ centroid index 0
Sec13 kmeans_10_9/cluster.0/ centroid rmf name ('kmeans_10_9/cluster.0/0-1_3.rmf3', 0)
Sec13 kmeans_10_9/cluster.0/ median centroid distance  0.807584250687
Sec13 kmeans_10_9/cluster.0/ kmeans_10_9/cluster.0/ average pairwise distance 0.807584250687
Seh1.1 kmeans_10_9/cluster.0/ average centroid distance 0.843958222278
Seh1.1 kmeans_10_9/cluster.0/ centroid index 0
Seh1.1 kmeans_10_9/cluster.0/ centroid rmf name ('kmeans_10_9/cluster.0/0-1_3.rmf3', 0)
Seh1.1 kmeans_10_9/cluster.0/ median centroid distance  0.843958222278
Seh1.1 kmeans_10_9/cluster.0/ kmeans_10_9/cluster.0/ average pairwise distance 0.843958222278
Seh1.3 kmeans_10_9/cluster.0/ average centroid distance 1.02125670961
Seh1.3 kmeans_10_9/cluster.0/ centroid index 0
Seh1.3 kmeans_10_9/cluster.0/ centroid rmf name ('kmeans_10_9/cluster.0/0-1_3.rmf3', 0)
Seh1.3 kmeans_10_9/cluster.0/ median centroid distance  1.02125670961
Seh1.3 kmeans_10_9/cluster.0/ kmeans_10_9/cluster.0/ average pairwise distance 1.02125670961
Seh1.2 kmeans_10_9/cluster.0/ average centroid distance 1.08584494932
Seh1.2 kmeans_10_9/cluster.0/ centroid index 0
Seh1.2 kmeans_10_9/cluster.0/ centroid rmf name ('kmeans_10_9/cluster.0/0-1_3.rmf3', 0)
Seh1.2 kmeans_10_9/cluster.0/ median centroid distance  1.08584494932
Seh1.2 kmeans_10_9/cluster.0/ kmeans_10_9/cluster.0/ average pairwise distance 1.08584494932
Whole kmeans_10_9/cluster.0/ average centroid distance 1.62152539873
Whole kmeans_10_9/cluster.0/ centroid index 0
Whole kmeans_10_9/cluster.0/ centroid rmf name ('kmeans_10_9/cluster.0/0-1_3.rmf3', 0)
Whole kmeans_10_9/cluster.0/ median centroid distance  1.62152539873
Whole kmeans_10_9/cluster.0/ kmeans_10_9/cluster.0/ average pairwise distance 1.62152539873
All kmeans_10_9/cluster.0/ average centroid distance 1.62152539873
All kmeans_10_9/cluster.0/ centroid index 0
All kmeans_10_9/cluster.0/ centroid rmf name ('kmeans_10_9/cluster.0/0-1_3.rmf3', 0)
All kmeans_10_9/cluster.0/ median centroid distance  1.62152539873
All kmeans_10_9/cluster.0/ kmeans_10_9/cluster.0/ average pairwise distance 1.62152539873
Seh1.A kmeans_10_9/cluster.0/ average centroid distance 0.989093484371
Seh1.A kmeans_10_9/cluster.0/ centroid index 0
Seh1.A kmeans_10_9/cluster.0/ centroid rmf name ('kmeans_10_9/cluster.0/0-1_3.rmf3', 0)
Seh1.A kmeans_10_9/cluster.0/ median centroid distance  0.989093484371
Seh1.A kmeans_10_9/cluster.0/ kmeans_10_9/cluster.0/ average pairwise distance 0.989093484371
SEA3 kmeans_10_9/cluster.0/ average centroid distance 1.05402945477
SEA3 kmeans_10_9/cluster.0/ centroid index 0
SEA3 kmeans_10_9/cluster.0/ centroid rmf name ('kmeans_10_9/cluster.0/0-1_3.rmf3', 0)
SEA3 kmeans_10_9/cluster.0/ median centroid distance  1.05402945477
SEA3 kmeans_10_9/cluster.0/ kmeans_10_9/cluster.0/ average pairwise distance 1.05402945477
SEA2 kmeans_10_9/cluster.0/ average centroid distance 1.5647030924
SEA2 kmeans_10_9/cluster.0/ centroid index 0
SEA2 kmeans_10_9/cluster.0/ centroid rmf name ('kmeans_10_9/cluster.0/0-1_3.rmf3', 0)
SEA2 kmeans_10_9/cluster.0/ median centroid distance  1.5647030924
SEA2 kmeans_10_9/cluster.0/ kmeans_10_9/cluster.0/ average pairwise distance 1.5647030924
SEA1 kmeans_10_9/cluster.0/ average centroid distance 1.70534420896
SEA1 kmeans_10_9/cluster.0/ centroid index 0
SEA1 kmeans_10_9/cluster.0/ centroid rmf name ('kmeans_10_9/cluster.0/0-1_3.rmf3', 0)
SEA1 kmeans_10_9/cluster.0/ median centroid distance  1.70534420896
SEA1 kmeans_10_9/cluster.0/ kmeans_10_9/cluster.0/ average pairwise distance 1.70534420896
SEA4.3 kmeans_10_9/cluster.0/ average centroid distance 1.78748135694
SEA4.3 kmeans_10_9/cluster.0/ centroid index 0
SEA4.3 kmeans_10_9/cluster.0/ centroid rmf name ('kmeans_10_9/cluster.0/0-1_3.rmf3', 0)
SEA4.3 kmeans_10_9/cluster.0/ median centroid distance  1.78748135694
SEA4.3 kmeans_10_9/cluster.0/ kmeans_10_9/cluster.0/ average pairwise distance 1.78748135694
SEA4.2 kmeans_10_9/cluster.0/ average centroid distance 1.87937744252
SEA4.2 kmeans_10_9/cluster.0/ centroid index 0
SEA4.2 kmeans_10_9/cluster.0/ centroid rmf name ('kmeans_10_9/cluster.0/0-1_3.rmf3', 0)
SEA4.2 kmeans_10_9/cluster.0/ median centroid distance  1.87937744252
SEA4.2 kmeans_10_9/cluster.0/ kmeans_10_9/cluster.0/ average pairwise distance 1.87937744252
SEA4.1 kmeans_10_9/cluster.0/ average centroid distance 1.80803812772
SEA4.1 kmeans_10_9/cluster.0/ centroid index 0
SEA4.1 kmeans_10_9/cluster.0/ centroid rmf name ('kmeans_10_9/cluster.0/0-1_3.rmf3', 0)
SEA4.1 kmeans_10_9/cluster.0/ median centroid distance  1.80803812772
SEA4.1 kmeans_10_9/cluster.0/ kmeans_10_9/cluster.0/ average pairwise distance 1.80803812772
SEA4.A kmeans_10_9/cluster.0/ average centroid distance 1.82539046455
SEA4.A kmeans_10_9/cluster.0/ centroid index 0
SEA4.A kmeans_10_9/cluster.0/ centroid rmf name ('kmeans_10_9/cluster.0/0-1_3.rmf3', 0)
SEA4.A kmeans_10_9/cluster.0/ median centroid distance  1.82539046455
SEA4.A kmeans_10_9/cluster.0/ kmeans_10_9/cluster.0/ average pairwise distance 1.82539046455
