Npr2 kmeans_10_8/cluster.5/ average centroid distance 2.70480970205
Npr2 kmeans_10_8/cluster.5/ centroid index 0
Npr2 kmeans_10_8/cluster.5/ centroid rmf name ('kmeans_10_8/cluster.5/0-1_3.rmf3', 0)
Npr2 kmeans_10_8/cluster.5/ median centroid distance  2.70480970205
Npr2 kmeans_10_8/cluster.5/ kmeans_10_8/cluster.5/ average pairwise distance 2.70480970205
Npr3 kmeans_10_8/cluster.5/ average centroid distance 2.17377343168
Npr3 kmeans_10_8/cluster.5/ centroid index 0
Npr3 kmeans_10_8/cluster.5/ centroid rmf name ('kmeans_10_8/cluster.5/0-1_3.rmf3', 0)
Npr3 kmeans_10_8/cluster.5/ median centroid distance  2.17377343168
Npr3 kmeans_10_8/cluster.5/ kmeans_10_8/cluster.5/ average pairwise distance 2.17377343168
Sec13 kmeans_10_8/cluster.5/ average centroid distance 0.807584250687
Sec13 kmeans_10_8/cluster.5/ centroid index 0
Sec13 kmeans_10_8/cluster.5/ centroid rmf name ('kmeans_10_8/cluster.5/0-1_3.rmf3', 0)
Sec13 kmeans_10_8/cluster.5/ median centroid distance  0.807584250687
Sec13 kmeans_10_8/cluster.5/ kmeans_10_8/cluster.5/ average pairwise distance 0.807584250687
Seh1.1 kmeans_10_8/cluster.5/ average centroid distance 0.843958222278
Seh1.1 kmeans_10_8/cluster.5/ centroid index 0
Seh1.1 kmeans_10_8/cluster.5/ centroid rmf name ('kmeans_10_8/cluster.5/0-1_3.rmf3', 0)
Seh1.1 kmeans_10_8/cluster.5/ median centroid distance  0.843958222278
Seh1.1 kmeans_10_8/cluster.5/ kmeans_10_8/cluster.5/ average pairwise distance 0.843958222278
Seh1.3 kmeans_10_8/cluster.5/ average centroid distance 1.02125670961
Seh1.3 kmeans_10_8/cluster.5/ centroid index 0
Seh1.3 kmeans_10_8/cluster.5/ centroid rmf name ('kmeans_10_8/cluster.5/0-1_3.rmf3', 0)
Seh1.3 kmeans_10_8/cluster.5/ median centroid distance  1.02125670961
Seh1.3 kmeans_10_8/cluster.5/ kmeans_10_8/cluster.5/ average pairwise distance 1.02125670961
Seh1.2 kmeans_10_8/cluster.5/ average centroid distance 1.08584494932
Seh1.2 kmeans_10_8/cluster.5/ centroid index 0
Seh1.2 kmeans_10_8/cluster.5/ centroid rmf name ('kmeans_10_8/cluster.5/0-1_3.rmf3', 0)
Seh1.2 kmeans_10_8/cluster.5/ median centroid distance  1.08584494932
Seh1.2 kmeans_10_8/cluster.5/ kmeans_10_8/cluster.5/ average pairwise distance 1.08584494932
Whole kmeans_10_8/cluster.5/ average centroid distance 1.62120648271
Whole kmeans_10_8/cluster.5/ centroid index 0
Whole kmeans_10_8/cluster.5/ centroid rmf name ('kmeans_10_8/cluster.5/0-1_3.rmf3', 0)
Whole kmeans_10_8/cluster.5/ median centroid distance  1.62120648271
Whole kmeans_10_8/cluster.5/ kmeans_10_8/cluster.5/ average pairwise distance 1.62120648271
All kmeans_10_8/cluster.5/ average centroid distance 1.62120648271
All kmeans_10_8/cluster.5/ centroid index 0
All kmeans_10_8/cluster.5/ centroid rmf name ('kmeans_10_8/cluster.5/0-1_3.rmf3', 0)
All kmeans_10_8/cluster.5/ median centroid distance  1.62120648271
All kmeans_10_8/cluster.5/ kmeans_10_8/cluster.5/ average pairwise distance 1.62120648271
Seh1.A kmeans_10_8/cluster.5/ average centroid distance 0.989093484371
Seh1.A kmeans_10_8/cluster.5/ centroid index 0
Seh1.A kmeans_10_8/cluster.5/ centroid rmf name ('kmeans_10_8/cluster.5/0-1_3.rmf3', 0)
Seh1.A kmeans_10_8/cluster.5/ median centroid distance  0.989093484371
Seh1.A kmeans_10_8/cluster.5/ kmeans_10_8/cluster.5/ average pairwise distance 0.989093484371
SEA3 kmeans_10_8/cluster.5/ average centroid distance 1.05442868874
SEA3 kmeans_10_8/cluster.5/ centroid index 0
SEA3 kmeans_10_8/cluster.5/ centroid rmf name ('kmeans_10_8/cluster.5/0-1_3.rmf3', 0)
SEA3 kmeans_10_8/cluster.5/ median centroid distance  1.05442868874
SEA3 kmeans_10_8/cluster.5/ kmeans_10_8/cluster.5/ average pairwise distance 1.05442868874
SEA2 kmeans_10_8/cluster.5/ average centroid distance 1.56439534953
SEA2 kmeans_10_8/cluster.5/ centroid index 0
SEA2 kmeans_10_8/cluster.5/ centroid rmf name ('kmeans_10_8/cluster.5/0-1_3.rmf3', 0)
SEA2 kmeans_10_8/cluster.5/ median centroid distance  1.56439534953
SEA2 kmeans_10_8/cluster.5/ kmeans_10_8/cluster.5/ average pairwise distance 1.56439534953
SEA1 kmeans_10_8/cluster.5/ average centroid distance 1.70534420896
SEA1 kmeans_10_8/cluster.5/ centroid index 0
SEA1 kmeans_10_8/cluster.5/ centroid rmf name ('kmeans_10_8/cluster.5/0-1_3.rmf3', 0)
SEA1 kmeans_10_8/cluster.5/ median centroid distance  1.70534420896
SEA1 kmeans_10_8/cluster.5/ kmeans_10_8/cluster.5/ average pairwise distance 1.70534420896
SEA4.3 kmeans_10_8/cluster.5/ average centroid distance 1.78748135694
SEA4.3 kmeans_10_8/cluster.5/ centroid index 0
SEA4.3 kmeans_10_8/cluster.5/ centroid rmf name ('kmeans_10_8/cluster.5/0-1_3.rmf3', 0)
SEA4.3 kmeans_10_8/cluster.5/ median centroid distance  1.78748135694
SEA4.3 kmeans_10_8/cluster.5/ kmeans_10_8/cluster.5/ average pairwise distance 1.78748135694
SEA4.2 kmeans_10_8/cluster.5/ average centroid distance 1.87937744252
SEA4.2 kmeans_10_8/cluster.5/ centroid index 0
SEA4.2 kmeans_10_8/cluster.5/ centroid rmf name ('kmeans_10_8/cluster.5/0-1_3.rmf3', 0)
SEA4.2 kmeans_10_8/cluster.5/ median centroid distance  1.87937744252
SEA4.2 kmeans_10_8/cluster.5/ kmeans_10_8/cluster.5/ average pairwise distance 1.87937744252
SEA4.1 kmeans_10_8/cluster.5/ average centroid distance 1.80825021163
SEA4.1 kmeans_10_8/cluster.5/ centroid index 0
SEA4.1 kmeans_10_8/cluster.5/ centroid rmf name ('kmeans_10_8/cluster.5/0-1_3.rmf3', 0)
SEA4.1 kmeans_10_8/cluster.5/ median centroid distance  1.80825021163
SEA4.1 kmeans_10_8/cluster.5/ kmeans_10_8/cluster.5/ average pairwise distance 1.80825021163
SEA4.A kmeans_10_8/cluster.5/ average centroid distance 1.82546048992
SEA4.A kmeans_10_8/cluster.5/ centroid index 0
SEA4.A kmeans_10_8/cluster.5/ centroid rmf name ('kmeans_10_8/cluster.5/0-1_3.rmf3', 0)
SEA4.A kmeans_10_8/cluster.5/ median centroid distance  1.82546048992
SEA4.A kmeans_10_8/cluster.5/ kmeans_10_8/cluster.5/ average pairwise distance 1.82546048992
