Npr2 kmeans_10_10/cluster.7/ average centroid distance 0.0
Npr2 kmeans_10_10/cluster.7/ centroid index 0
Npr2 kmeans_10_10/cluster.7/ centroid rmf name ('kmeans_10_10/cluster.7/0-1_0.rmf3', 0)
Npr2 kmeans_10_10/cluster.7/ median centroid distance  0.0
Npr2 kmeans_10_10/cluster.7/ kmeans_10_10/cluster.7/ average pairwise distance 0.0
Npr3 kmeans_10_10/cluster.7/ average centroid distance 0.0
Npr3 kmeans_10_10/cluster.7/ centroid index 0
Npr3 kmeans_10_10/cluster.7/ centroid rmf name ('kmeans_10_10/cluster.7/0-1_0.rmf3', 0)
Npr3 kmeans_10_10/cluster.7/ median centroid distance  0.0
Npr3 kmeans_10_10/cluster.7/ kmeans_10_10/cluster.7/ average pairwise distance 0.0
Sec13 kmeans_10_10/cluster.7/ average centroid distance 0.0
Sec13 kmeans_10_10/cluster.7/ centroid index 0
Sec13 kmeans_10_10/cluster.7/ centroid rmf name ('kmeans_10_10/cluster.7/0-1_0.rmf3', 0)
Sec13 kmeans_10_10/cluster.7/ median centroid distance  0.0
Sec13 kmeans_10_10/cluster.7/ kmeans_10_10/cluster.7/ average pairwise distance 0.0
Seh1.1 kmeans_10_10/cluster.7/ average centroid distance 0.0
Seh1.1 kmeans_10_10/cluster.7/ centroid index 0
Seh1.1 kmeans_10_10/cluster.7/ centroid rmf name ('kmeans_10_10/cluster.7/0-1_0.rmf3', 0)
Seh1.1 kmeans_10_10/cluster.7/ median centroid distance  0.0
Seh1.1 kmeans_10_10/cluster.7/ kmeans_10_10/cluster.7/ average pairwise distance 0.0
Seh1.3 kmeans_10_10/cluster.7/ average centroid distance 0.0
Seh1.3 kmeans_10_10/cluster.7/ centroid index 0
Seh1.3 kmeans_10_10/cluster.7/ centroid rmf name ('kmeans_10_10/cluster.7/0-1_0.rmf3', 0)
Seh1.3 kmeans_10_10/cluster.7/ median centroid distance  0.0
Seh1.3 kmeans_10_10/cluster.7/ kmeans_10_10/cluster.7/ average pairwise distance 0.0
Seh1.2 kmeans_10_10/cluster.7/ average centroid distance 0.0
Seh1.2 kmeans_10_10/cluster.7/ centroid index 0
Seh1.2 kmeans_10_10/cluster.7/ centroid rmf name ('kmeans_10_10/cluster.7/0-1_0.rmf3', 0)
Seh1.2 kmeans_10_10/cluster.7/ median centroid distance  0.0
Seh1.2 kmeans_10_10/cluster.7/ kmeans_10_10/cluster.7/ average pairwise distance 0.0
Whole kmeans_10_10/cluster.7/ average centroid distance 0.0
Whole kmeans_10_10/cluster.7/ centroid index 0
Whole kmeans_10_10/cluster.7/ centroid rmf name ('kmeans_10_10/cluster.7/0-1_0.rmf3', 0)
Whole kmeans_10_10/cluster.7/ median centroid distance  0.0
Whole kmeans_10_10/cluster.7/ kmeans_10_10/cluster.7/ average pairwise distance 0.0
All kmeans_10_10/cluster.7/ average centroid distance 0.0
All kmeans_10_10/cluster.7/ centroid index 0
All kmeans_10_10/cluster.7/ centroid rmf name ('kmeans_10_10/cluster.7/0-1_0.rmf3', 0)
All kmeans_10_10/cluster.7/ median centroid distance  0.0
All kmeans_10_10/cluster.7/ kmeans_10_10/cluster.7/ average pairwise distance 0.0
Seh1.A kmeans_10_10/cluster.7/ average centroid distance 0.0
Seh1.A kmeans_10_10/cluster.7/ centroid index 0
Seh1.A kmeans_10_10/cluster.7/ centroid rmf name ('kmeans_10_10/cluster.7/0-1_0.rmf3', 0)
Seh1.A kmeans_10_10/cluster.7/ median centroid distance  0.0
Seh1.A kmeans_10_10/cluster.7/ kmeans_10_10/cluster.7/ average pairwise distance 0.0
SEA3 kmeans_10_10/cluster.7/ average centroid distance 0.0
SEA3 kmeans_10_10/cluster.7/ centroid index 0
SEA3 kmeans_10_10/cluster.7/ centroid rmf name ('kmeans_10_10/cluster.7/0-1_0.rmf3', 0)
SEA3 kmeans_10_10/cluster.7/ median centroid distance  0.0
SEA3 kmeans_10_10/cluster.7/ kmeans_10_10/cluster.7/ average pairwise distance 0.0
SEA2 kmeans_10_10/cluster.7/ average centroid distance 0.0
SEA2 kmeans_10_10/cluster.7/ centroid index 0
SEA2 kmeans_10_10/cluster.7/ centroid rmf name ('kmeans_10_10/cluster.7/0-1_0.rmf3', 0)
SEA2 kmeans_10_10/cluster.7/ median centroid distance  0.0
SEA2 kmeans_10_10/cluster.7/ kmeans_10_10/cluster.7/ average pairwise distance 0.0
SEA1 kmeans_10_10/cluster.7/ average centroid distance 0.0
SEA1 kmeans_10_10/cluster.7/ centroid index 0
SEA1 kmeans_10_10/cluster.7/ centroid rmf name ('kmeans_10_10/cluster.7/0-1_0.rmf3', 0)
SEA1 kmeans_10_10/cluster.7/ median centroid distance  0.0
SEA1 kmeans_10_10/cluster.7/ kmeans_10_10/cluster.7/ average pairwise distance 0.0
SEA4.3 kmeans_10_10/cluster.7/ average centroid distance 0.0
SEA4.3 kmeans_10_10/cluster.7/ centroid index 0
SEA4.3 kmeans_10_10/cluster.7/ centroid rmf name ('kmeans_10_10/cluster.7/0-1_0.rmf3', 0)
SEA4.3 kmeans_10_10/cluster.7/ median centroid distance  0.0
SEA4.3 kmeans_10_10/cluster.7/ kmeans_10_10/cluster.7/ average pairwise distance 0.0
SEA4.2 kmeans_10_10/cluster.7/ average centroid distance 0.0
SEA4.2 kmeans_10_10/cluster.7/ centroid index 0
SEA4.2 kmeans_10_10/cluster.7/ centroid rmf name ('kmeans_10_10/cluster.7/0-1_0.rmf3', 0)
SEA4.2 kmeans_10_10/cluster.7/ median centroid distance  0.0
SEA4.2 kmeans_10_10/cluster.7/ kmeans_10_10/cluster.7/ average pairwise distance 0.0
SEA4.1 kmeans_10_10/cluster.7/ average centroid distance 0.0
SEA4.1 kmeans_10_10/cluster.7/ centroid index 0
SEA4.1 kmeans_10_10/cluster.7/ centroid rmf name ('kmeans_10_10/cluster.7/0-1_0.rmf3', 0)
SEA4.1 kmeans_10_10/cluster.7/ median centroid distance  0.0
SEA4.1 kmeans_10_10/cluster.7/ kmeans_10_10/cluster.7/ average pairwise distance 0.0
SEA4.A kmeans_10_10/cluster.7/ average centroid distance 0.0
SEA4.A kmeans_10_10/cluster.7/ centroid index 0
SEA4.A kmeans_10_10/cluster.7/ centroid rmf name ('kmeans_10_10/cluster.7/0-1_0.rmf3', 0)
SEA4.A kmeans_10_10/cluster.7/ median centroid distance  0.0
SEA4.A kmeans_10_10/cluster.7/ kmeans_10_10/cluster.7/ average pairwise distance 0.0
