Npr2 kmeans_10_7/cluster.4/ average centroid distance 6.69034593806
Npr2 kmeans_10_7/cluster.4/ centroid index 0
Npr2 kmeans_10_7/cluster.4/ centroid rmf name ('kmeans_10_7/cluster.4/0-0_4.rmf3', 0)
Npr2 kmeans_10_7/cluster.4/ median centroid distance  6.69034593806
Npr2 kmeans_10_7/cluster.4/ kmeans_10_7/cluster.4/ average pairwise distance 6.69034593806
Npr3 kmeans_10_7/cluster.4/ average centroid distance 4.12948188629
Npr3 kmeans_10_7/cluster.4/ centroid index 0
Npr3 kmeans_10_7/cluster.4/ centroid rmf name ('kmeans_10_7/cluster.4/0-0_4.rmf3', 0)
Npr3 kmeans_10_7/cluster.4/ median centroid distance  4.12948188629
Npr3 kmeans_10_7/cluster.4/ kmeans_10_7/cluster.4/ average pairwise distance 4.12948188629
Sec13 kmeans_10_7/cluster.4/ average centroid distance 1.56727684499
Sec13 kmeans_10_7/cluster.4/ centroid index 0
Sec13 kmeans_10_7/cluster.4/ centroid rmf name ('kmeans_10_7/cluster.4/0-0_4.rmf3', 0)
Sec13 kmeans_10_7/cluster.4/ median centroid distance  1.56727684499
Sec13 kmeans_10_7/cluster.4/ kmeans_10_7/cluster.4/ average pairwise distance 1.56727684499
Seh1.1 kmeans_10_7/cluster.4/ average centroid distance 0.959022421843
Seh1.1 kmeans_10_7/cluster.4/ centroid index 0
Seh1.1 kmeans_10_7/cluster.4/ centroid rmf name ('kmeans_10_7/cluster.4/0-0_4.rmf3', 0)
Seh1.1 kmeans_10_7/cluster.4/ median centroid distance  0.959022421843
Seh1.1 kmeans_10_7/cluster.4/ kmeans_10_7/cluster.4/ average pairwise distance 0.959022421843
Seh1.3 kmeans_10_7/cluster.4/ average centroid distance 1.07739568913
Seh1.3 kmeans_10_7/cluster.4/ centroid index 0
Seh1.3 kmeans_10_7/cluster.4/ centroid rmf name ('kmeans_10_7/cluster.4/0-0_4.rmf3', 0)
Seh1.3 kmeans_10_7/cluster.4/ median centroid distance  1.07739568913
Seh1.3 kmeans_10_7/cluster.4/ kmeans_10_7/cluster.4/ average pairwise distance 1.07739568913
Seh1.2 kmeans_10_7/cluster.4/ average centroid distance 0.92325508822
Seh1.2 kmeans_10_7/cluster.4/ centroid index 0
Seh1.2 kmeans_10_7/cluster.4/ centroid rmf name ('kmeans_10_7/cluster.4/0-0_4.rmf3', 0)
Seh1.2 kmeans_10_7/cluster.4/ median centroid distance  0.92325508822
Seh1.2 kmeans_10_7/cluster.4/ kmeans_10_7/cluster.4/ average pairwise distance 0.92325508822
Whole kmeans_10_7/cluster.4/ average centroid distance 3.02179210435
Whole kmeans_10_7/cluster.4/ centroid index 0
Whole kmeans_10_7/cluster.4/ centroid rmf name ('kmeans_10_7/cluster.4/0-0_4.rmf3', 0)
Whole kmeans_10_7/cluster.4/ median centroid distance  3.02179210435
Whole kmeans_10_7/cluster.4/ kmeans_10_7/cluster.4/ average pairwise distance 3.02179210435
All kmeans_10_7/cluster.4/ average centroid distance 3.02179210435
All kmeans_10_7/cluster.4/ centroid index 0
All kmeans_10_7/cluster.4/ centroid rmf name ('kmeans_10_7/cluster.4/0-0_4.rmf3', 0)
All kmeans_10_7/cluster.4/ median centroid distance  3.02179210435
All kmeans_10_7/cluster.4/ kmeans_10_7/cluster.4/ average pairwise distance 3.02179210435
Seh1.A kmeans_10_7/cluster.4/ average centroid distance 0.989053051878
Seh1.A kmeans_10_7/cluster.4/ centroid index 0
Seh1.A kmeans_10_7/cluster.4/ centroid rmf name ('kmeans_10_7/cluster.4/0-0_4.rmf3', 0)
Seh1.A kmeans_10_7/cluster.4/ median centroid distance  0.989053051878
Seh1.A kmeans_10_7/cluster.4/ kmeans_10_7/cluster.4/ average pairwise distance 0.989053051878
SEA3 kmeans_10_7/cluster.4/ average centroid distance 2.26476841691
SEA3 kmeans_10_7/cluster.4/ centroid index 0
SEA3 kmeans_10_7/cluster.4/ centroid rmf name ('kmeans_10_7/cluster.4/0-0_4.rmf3', 0)
SEA3 kmeans_10_7/cluster.4/ median centroid distance  2.26476841691
SEA3 kmeans_10_7/cluster.4/ kmeans_10_7/cluster.4/ average pairwise distance 2.26476841691
SEA2 kmeans_10_7/cluster.4/ average centroid distance 2.60489052319
SEA2 kmeans_10_7/cluster.4/ centroid index 0
SEA2 kmeans_10_7/cluster.4/ centroid rmf name ('kmeans_10_7/cluster.4/0-0_4.rmf3', 0)
SEA2 kmeans_10_7/cluster.4/ median centroid distance  2.60489052319
SEA2 kmeans_10_7/cluster.4/ kmeans_10_7/cluster.4/ average pairwise distance 2.60489052319
SEA1 kmeans_10_7/cluster.4/ average centroid distance 3.92265295949
SEA1 kmeans_10_7/cluster.4/ centroid index 0
SEA1 kmeans_10_7/cluster.4/ centroid rmf name ('kmeans_10_7/cluster.4/0-0_4.rmf3', 0)
SEA1 kmeans_10_7/cluster.4/ median centroid distance  3.92265295949
SEA1 kmeans_10_7/cluster.4/ kmeans_10_7/cluster.4/ average pairwise distance 3.92265295949
SEA4.3 kmeans_10_7/cluster.4/ average centroid distance 2.83677085379
SEA4.3 kmeans_10_7/cluster.4/ centroid index 0
SEA4.3 kmeans_10_7/cluster.4/ centroid rmf name ('kmeans_10_7/cluster.4/0-0_4.rmf3', 0)
SEA4.3 kmeans_10_7/cluster.4/ median centroid distance  2.83677085379
SEA4.3 kmeans_10_7/cluster.4/ kmeans_10_7/cluster.4/ average pairwise distance 2.83677085379
SEA4.2 kmeans_10_7/cluster.4/ average centroid distance 2.72556007172
SEA4.2 kmeans_10_7/cluster.4/ centroid index 0
SEA4.2 kmeans_10_7/cluster.4/ centroid rmf name ('kmeans_10_7/cluster.4/0-0_4.rmf3', 0)
SEA4.2 kmeans_10_7/cluster.4/ median centroid distance  2.72556007172
SEA4.2 kmeans_10_7/cluster.4/ kmeans_10_7/cluster.4/ average pairwise distance 2.72556007172
SEA4.1 kmeans_10_7/cluster.4/ average centroid distance 3.07334133605
SEA4.1 kmeans_10_7/cluster.4/ centroid index 0
SEA4.1 kmeans_10_7/cluster.4/ centroid rmf name ('kmeans_10_7/cluster.4/0-0_4.rmf3', 0)
SEA4.1 kmeans_10_7/cluster.4/ median centroid distance  3.07334133605
SEA4.1 kmeans_10_7/cluster.4/ kmeans_10_7/cluster.4/ average pairwise distance 3.07334133605
SEA4.A kmeans_10_7/cluster.4/ average centroid distance 2.88220827083
SEA4.A kmeans_10_7/cluster.4/ centroid index 0
SEA4.A kmeans_10_7/cluster.4/ centroid rmf name ('kmeans_10_7/cluster.4/0-0_4.rmf3', 0)
SEA4.A kmeans_10_7/cluster.4/ median centroid distance  2.88220827083
SEA4.A kmeans_10_7/cluster.4/ kmeans_10_7/cluster.4/ average pairwise distance 2.88220827083
