Npr2 kmeans_10_7/cluster.3/ average centroid distance 0.0
Npr2 kmeans_10_7/cluster.3/ centroid index 0
Npr2 kmeans_10_7/cluster.3/ centroid rmf name ('kmeans_10_7/cluster.3/0-0_2.rmf3', 0)
Npr2 kmeans_10_7/cluster.3/ median centroid distance  0.0
Npr2 kmeans_10_7/cluster.3/ kmeans_10_7/cluster.3/ average pairwise distance 0.0
Npr3 kmeans_10_7/cluster.3/ average centroid distance 0.0
Npr3 kmeans_10_7/cluster.3/ centroid index 0
Npr3 kmeans_10_7/cluster.3/ centroid rmf name ('kmeans_10_7/cluster.3/0-0_2.rmf3', 0)
Npr3 kmeans_10_7/cluster.3/ median centroid distance  0.0
Npr3 kmeans_10_7/cluster.3/ kmeans_10_7/cluster.3/ average pairwise distance 0.0
Sec13 kmeans_10_7/cluster.3/ average centroid distance 0.0
Sec13 kmeans_10_7/cluster.3/ centroid index 0
Sec13 kmeans_10_7/cluster.3/ centroid rmf name ('kmeans_10_7/cluster.3/0-0_2.rmf3', 0)
Sec13 kmeans_10_7/cluster.3/ median centroid distance  0.0
Sec13 kmeans_10_7/cluster.3/ kmeans_10_7/cluster.3/ average pairwise distance 0.0
Seh1.1 kmeans_10_7/cluster.3/ average centroid distance 0.0
Seh1.1 kmeans_10_7/cluster.3/ centroid index 0
Seh1.1 kmeans_10_7/cluster.3/ centroid rmf name ('kmeans_10_7/cluster.3/0-0_2.rmf3', 0)
Seh1.1 kmeans_10_7/cluster.3/ median centroid distance  0.0
Seh1.1 kmeans_10_7/cluster.3/ kmeans_10_7/cluster.3/ average pairwise distance 0.0
Seh1.3 kmeans_10_7/cluster.3/ average centroid distance 0.0
Seh1.3 kmeans_10_7/cluster.3/ centroid index 0
Seh1.3 kmeans_10_7/cluster.3/ centroid rmf name ('kmeans_10_7/cluster.3/0-0_2.rmf3', 0)
Seh1.3 kmeans_10_7/cluster.3/ median centroid distance  0.0
Seh1.3 kmeans_10_7/cluster.3/ kmeans_10_7/cluster.3/ average pairwise distance 0.0
Seh1.2 kmeans_10_7/cluster.3/ average centroid distance 0.0
Seh1.2 kmeans_10_7/cluster.3/ centroid index 0
Seh1.2 kmeans_10_7/cluster.3/ centroid rmf name ('kmeans_10_7/cluster.3/0-0_2.rmf3', 0)
Seh1.2 kmeans_10_7/cluster.3/ median centroid distance  0.0
Seh1.2 kmeans_10_7/cluster.3/ kmeans_10_7/cluster.3/ average pairwise distance 0.0
Whole kmeans_10_7/cluster.3/ average centroid distance 0.0
Whole kmeans_10_7/cluster.3/ centroid index 0
Whole kmeans_10_7/cluster.3/ centroid rmf name ('kmeans_10_7/cluster.3/0-0_2.rmf3', 0)
Whole kmeans_10_7/cluster.3/ median centroid distance  0.0
Whole kmeans_10_7/cluster.3/ kmeans_10_7/cluster.3/ average pairwise distance 0.0
All kmeans_10_7/cluster.3/ average centroid distance 0.0
All kmeans_10_7/cluster.3/ centroid index 0
All kmeans_10_7/cluster.3/ centroid rmf name ('kmeans_10_7/cluster.3/0-0_2.rmf3', 0)
All kmeans_10_7/cluster.3/ median centroid distance  0.0
All kmeans_10_7/cluster.3/ kmeans_10_7/cluster.3/ average pairwise distance 0.0
Seh1.A kmeans_10_7/cluster.3/ average centroid distance 0.0
Seh1.A kmeans_10_7/cluster.3/ centroid index 0
Seh1.A kmeans_10_7/cluster.3/ centroid rmf name ('kmeans_10_7/cluster.3/0-0_2.rmf3', 0)
Seh1.A kmeans_10_7/cluster.3/ median centroid distance  0.0
Seh1.A kmeans_10_7/cluster.3/ kmeans_10_7/cluster.3/ average pairwise distance 0.0
SEA3 kmeans_10_7/cluster.3/ average centroid distance 0.0
SEA3 kmeans_10_7/cluster.3/ centroid index 0
SEA3 kmeans_10_7/cluster.3/ centroid rmf name ('kmeans_10_7/cluster.3/0-0_2.rmf3', 0)
SEA3 kmeans_10_7/cluster.3/ median centroid distance  0.0
SEA3 kmeans_10_7/cluster.3/ kmeans_10_7/cluster.3/ average pairwise distance 0.0
SEA2 kmeans_10_7/cluster.3/ average centroid distance 0.0
SEA2 kmeans_10_7/cluster.3/ centroid index 0
SEA2 kmeans_10_7/cluster.3/ centroid rmf name ('kmeans_10_7/cluster.3/0-0_2.rmf3', 0)
SEA2 kmeans_10_7/cluster.3/ median centroid distance  0.0
SEA2 kmeans_10_7/cluster.3/ kmeans_10_7/cluster.3/ average pairwise distance 0.0
SEA1 kmeans_10_7/cluster.3/ average centroid distance 0.0
SEA1 kmeans_10_7/cluster.3/ centroid index 0
SEA1 kmeans_10_7/cluster.3/ centroid rmf name ('kmeans_10_7/cluster.3/0-0_2.rmf3', 0)
SEA1 kmeans_10_7/cluster.3/ median centroid distance  0.0
SEA1 kmeans_10_7/cluster.3/ kmeans_10_7/cluster.3/ average pairwise distance 0.0
SEA4.3 kmeans_10_7/cluster.3/ average centroid distance 0.0
SEA4.3 kmeans_10_7/cluster.3/ centroid index 0
SEA4.3 kmeans_10_7/cluster.3/ centroid rmf name ('kmeans_10_7/cluster.3/0-0_2.rmf3', 0)
SEA4.3 kmeans_10_7/cluster.3/ median centroid distance  0.0
SEA4.3 kmeans_10_7/cluster.3/ kmeans_10_7/cluster.3/ average pairwise distance 0.0
SEA4.2 kmeans_10_7/cluster.3/ average centroid distance 0.0
SEA4.2 kmeans_10_7/cluster.3/ centroid index 0
SEA4.2 kmeans_10_7/cluster.3/ centroid rmf name ('kmeans_10_7/cluster.3/0-0_2.rmf3', 0)
SEA4.2 kmeans_10_7/cluster.3/ median centroid distance  0.0
SEA4.2 kmeans_10_7/cluster.3/ kmeans_10_7/cluster.3/ average pairwise distance 0.0
SEA4.1 kmeans_10_7/cluster.3/ average centroid distance 0.0
SEA4.1 kmeans_10_7/cluster.3/ centroid index 0
SEA4.1 kmeans_10_7/cluster.3/ centroid rmf name ('kmeans_10_7/cluster.3/0-0_2.rmf3', 0)
SEA4.1 kmeans_10_7/cluster.3/ median centroid distance  0.0
SEA4.1 kmeans_10_7/cluster.3/ kmeans_10_7/cluster.3/ average pairwise distance 0.0
SEA4.A kmeans_10_7/cluster.3/ average centroid distance 0.0
SEA4.A kmeans_10_7/cluster.3/ centroid index 0
SEA4.A kmeans_10_7/cluster.3/ centroid rmf name ('kmeans_10_7/cluster.3/0-0_2.rmf3', 0)
SEA4.A kmeans_10_7/cluster.3/ median centroid distance  0.0
SEA4.A kmeans_10_7/cluster.3/ kmeans_10_7/cluster.3/ average pairwise distance 0.0
