Npr2 kmeans_10_4/cluster.1/ average centroid distance 19.4446672366
Npr2 kmeans_10_4/cluster.1/ centroid index 1
Npr2 kmeans_10_4/cluster.1/ centroid rmf name ('kmeans_10_4/cluster.1/1-0_1.rmf3', 0)
Npr2 kmeans_10_4/cluster.1/ median centroid distance  13.3852373778
Npr2 kmeans_10_4/cluster.1/ kmeans_10_4/cluster.1/ average pairwise distance 24.5577642144
Npr3 kmeans_10_4/cluster.1/ average centroid distance 9.11646224423
Npr3 kmeans_10_4/cluster.1/ centroid index 0
Npr3 kmeans_10_4/cluster.1/ centroid rmf name ('kmeans_10_4/cluster.1/0-0_4.rmf3', 0)
Npr3 kmeans_10_4/cluster.1/ median centroid distance  8.25994799187
Npr3 kmeans_10_4/cluster.1/ kmeans_10_4/cluster.1/ average pairwise distance 11.1060287069
Sec13 kmeans_10_4/cluster.1/ average centroid distance 5.62944997033
Sec13 kmeans_10_4/cluster.1/ centroid index 0
Sec13 kmeans_10_4/cluster.1/ centroid rmf name ('kmeans_10_4/cluster.1/0-0_4.rmf3', 0)
Sec13 kmeans_10_4/cluster.1/ median centroid distance  3.13455368998
Sec13 kmeans_10_4/cluster.1/ kmeans_10_4/cluster.1/ average pairwise distance 7.34099863294
Seh1.1 kmeans_10_4/cluster.1/ average centroid distance 3.181802459
Seh1.1 kmeans_10_4/cluster.1/ centroid index 0
Seh1.1 kmeans_10_4/cluster.1/ centroid rmf name ('kmeans_10_4/cluster.1/0-0_4.rmf3', 0)
Seh1.1 kmeans_10_4/cluster.1/ median centroid distance  1.91804484369
Seh1.1 kmeans_10_4/cluster.1/ kmeans_10_4/cluster.1/ average pairwise distance 4.16800536075
Seh1.3 kmeans_10_4/cluster.1/ average centroid distance 3.59263393538
Seh1.3 kmeans_10_4/cluster.1/ centroid index 0
Seh1.3 kmeans_10_4/cluster.1/ centroid rmf name ('kmeans_10_4/cluster.1/0-0_4.rmf3', 0)
Seh1.3 kmeans_10_4/cluster.1/ median centroid distance  2.15479137826
Seh1.3 kmeans_10_4/cluster.1/ kmeans_10_4/cluster.1/ average pairwise distance 4.63977460747
Seh1.2 kmeans_10_4/cluster.1/ average centroid distance 3.54639784272
Seh1.2 kmeans_10_4/cluster.1/ centroid index 0
Seh1.2 kmeans_10_4/cluster.1/ centroid rmf name ('kmeans_10_4/cluster.1/0-0_4.rmf3', 0)
Seh1.2 kmeans_10_4/cluster.1/ median centroid distance  1.84651017644
Seh1.2 kmeans_10_4/cluster.1/ kmeans_10_4/cluster.1/ average pairwise distance 4.58637786197
Whole kmeans_10_4/cluster.1/ average centroid distance 10.7976679688
Whole kmeans_10_4/cluster.1/ centroid index 0
Whole kmeans_10_4/cluster.1/ centroid rmf name ('kmeans_10_4/cluster.1/0-0_4.rmf3', 0)
Whole kmeans_10_4/cluster.1/ median centroid distance  6.04150237702
Whole kmeans_10_4/cluster.1/ kmeans_10_4/cluster.1/ average pairwise distance 13.1163737505
All kmeans_10_4/cluster.1/ average centroid distance 10.7976679688
All kmeans_10_4/cluster.1/ centroid index 0
All kmeans_10_4/cluster.1/ centroid rmf name ('kmeans_10_4/cluster.1/0-0_4.rmf3', 0)
All kmeans_10_4/cluster.1/ median centroid distance  6.04150237702
All kmeans_10_4/cluster.1/ kmeans_10_4/cluster.1/ average pairwise distance 13.1163737505
Seh1.A kmeans_10_4/cluster.1/ average centroid distance 3.44749594055
Seh1.A kmeans_10_4/cluster.1/ centroid index 0
Seh1.A kmeans_10_4/cluster.1/ centroid rmf name ('kmeans_10_4/cluster.1/0-0_4.rmf3', 0)
Seh1.A kmeans_10_4/cluster.1/ median centroid distance  1.97810610376
Seh1.A kmeans_10_4/cluster.1/ kmeans_10_4/cluster.1/ average pairwise distance 4.47156683371
SEA3 kmeans_10_4/cluster.1/ average centroid distance 7.49863969701
SEA3 kmeans_10_4/cluster.1/ centroid index 0
SEA3 kmeans_10_4/cluster.1/ centroid rmf name ('kmeans_10_4/cluster.1/0-0_4.rmf3', 0)
SEA3 kmeans_10_4/cluster.1/ median centroid distance  4.49462223391
SEA3 kmeans_10_4/cluster.1/ kmeans_10_4/cluster.1/ average pairwise distance 9.3444523292
SEA2 kmeans_10_4/cluster.1/ average centroid distance 11.9771200992
SEA2 kmeans_10_4/cluster.1/ centroid index 1
SEA2 kmeans_10_4/cluster.1/ centroid rmf name ('kmeans_10_4/cluster.1/1-0_1.rmf3', 0)
SEA2 kmeans_10_4/cluster.1/ median centroid distance  5.20978104639
SEA2 kmeans_10_4/cluster.1/ kmeans_10_4/cluster.1/ average pairwise distance 14.9233797498
SEA1 kmeans_10_4/cluster.1/ average centroid distance 9.08125730491
SEA1 kmeans_10_4/cluster.1/ centroid index 0
SEA1 kmeans_10_4/cluster.1/ centroid rmf name ('kmeans_10_4/cluster.1/0-0_4.rmf3', 0)
SEA1 kmeans_10_4/cluster.1/ median centroid distance  7.84530591899
SEA1 kmeans_10_4/cluster.1/ kmeans_10_4/cluster.1/ average pairwise distance 11.2517414755
SEA4.3 kmeans_10_4/cluster.1/ average centroid distance 11.8410986193
SEA4.3 kmeans_10_4/cluster.1/ centroid index 0
SEA4.3 kmeans_10_4/cluster.1/ centroid rmf name ('kmeans_10_4/cluster.1/0-0_4.rmf3', 0)
SEA4.3 kmeans_10_4/cluster.1/ median centroid distance  5.67354170758
SEA4.3 kmeans_10_4/cluster.1/ kmeans_10_4/cluster.1/ average pairwise distance 14.7905185045
SEA4.2 kmeans_10_4/cluster.1/ average centroid distance 12.7775858649
SEA4.2 kmeans_10_4/cluster.1/ centroid index 0
SEA4.2 kmeans_10_4/cluster.1/ centroid rmf name ('kmeans_10_4/cluster.1/0-0_4.rmf3', 0)
SEA4.2 kmeans_10_4/cluster.1/ median centroid distance  5.45112014345
SEA4.2 kmeans_10_4/cluster.1/ kmeans_10_4/cluster.1/ average pairwise distance 15.967004371
SEA4.1 kmeans_10_4/cluster.1/ average centroid distance 13.2452986571
SEA4.1 kmeans_10_4/cluster.1/ centroid index 0
SEA4.1 kmeans_10_4/cluster.1/ centroid rmf name ('kmeans_10_4/cluster.1/0-0_4.rmf3', 0)
SEA4.1 kmeans_10_4/cluster.1/ median centroid distance  6.1466826721
SEA4.1 kmeans_10_4/cluster.1/ kmeans_10_4/cluster.1/ average pairwise distance 16.3386399597
SEA4.A kmeans_10_4/cluster.1/ average centroid distance 12.6374090045
SEA4.A kmeans_10_4/cluster.1/ centroid index 0
SEA4.A kmeans_10_4/cluster.1/ centroid rmf name ('kmeans_10_4/cluster.1/0-0_4.rmf3', 0)
SEA4.A kmeans_10_4/cluster.1/ median centroid distance  5.76441654166
SEA4.A kmeans_10_4/cluster.1/ kmeans_10_4/cluster.1/ average pairwise distance 15.7146487996
